Oct 09, 2024 6:26:15 PM BankServer main
INFO: Bank server started and running on port 1100
Oct 17, 2024 5:17:03 PM BankServer main
SEVERE: Server exception occurred
java.rmi.server.ExportException: Port already in use: 1100; nested exception is: 
	java.net.BindException: Address already in use
	at java.rmi/sun.rmi.transport.tcp.TCPTransport.listen(TCPTransport.java:356)
	at java.rmi/sun.rmi.transport.tcp.TCPTransport.exportObject(TCPTransport.java:251)
	at java.rmi/sun.rmi.transport.tcp.TCPEndpoint.exportObject(TCPEndpoint.java:415)
	at java.rmi/sun.rmi.transport.LiveRef.exportObject(LiveRef.java:147)
	at java.rmi/sun.rmi.server.UnicastServerRef.exportObject(UnicastServerRef.java:235)
	at java.rmi/sun.rmi.registry.RegistryImpl.setup(RegistryImpl.java:223)
	at java.rmi/sun.rmi.registry.RegistryImpl.<init>(RegistryImpl.java:208)
	at java.rmi/java.rmi.registry.LocateRegistry.createRegistry(LocateRegistry.java:203)
	at BankServer.main(BankServer.java:21)
Caused by: java.net.BindException: Address already in use
	at java.base/sun.nio.ch.Net.bind0(Native Method)
	at java.base/sun.nio.ch.Net.bind(Net.java:565)
	at java.base/sun.nio.ch.Net.bind(Net.java:554)
	at java.base/sun.nio.ch.NioSocketImpl.bind(NioSocketImpl.java:636)
	at java.base/java.net.ServerSocket.bind(ServerSocket.java:391)
	at java.base/java.net.ServerSocket.<init>(ServerSocket.java:278)
	at java.base/java.net.ServerSocket.<init>(ServerSocket.java:171)
	at java.rmi/sun.rmi.transport.tcp.TCPDirectSocketFactory.createServerSocket(TCPDirectSocketFactory.java:45)
	at java.rmi/sun.rmi.transport.tcp.TCPEndpoint.newServerSocket(TCPEndpoint.java:672)
	at java.rmi/sun.rmi.transport.tcp.TCPTransport.listen(TCPTransport.java:344)
	... 8 more

Oct 17, 2024 5:18:20 PM BankServer main
INFO: Bank server started and running on port 1100
